mode: set
C:\Users\danii\Desktop\hse-golang-2020-1\3\99_hw\coverage\client.go:67.80,71.19 2 1
C:\Users\danii\Desktop\hse-golang-2020-1\3\99_hw\coverage\client.go:74.2,74.20 1 1
C:\Users\danii\Desktop\hse-golang-2020-1\3\99_hw\coverage\client.go:77.2,77.20 1 1
C:\Users\danii\Desktop\hse-golang-2020-1\3\99_hw\coverage\client.go:82.2,94.16 10 1
C:\Users\danii\Desktop\hse-golang-2020-1\3\99_hw\coverage\client.go:100.2,103.25 3 1
C:\Users\danii\Desktop\hse-golang-2020-1\3\99_hw\coverage\client.go:120.2,122.16 3 1
C:\Users\danii\Desktop\hse-golang-2020-1\3\99_hw\coverage\client.go:126.2,127.28 2 1
C:\Users\danii\Desktop\hse-golang-2020-1\3\99_hw\coverage\client.go:134.2,134.21 1 1
C:\Users\danii\Desktop\hse-golang-2020-1\3\99_hw\coverage\client.go:71.19,73.3 1 1
C:\Users\danii\Desktop\hse-golang-2020-1\3\99_hw\coverage\client.go:74.20,76.3 1 1
C:\Users\danii\Desktop\hse-golang-2020-1\3\99_hw\coverage\client.go:77.20,79.3 1 1
C:\Users\danii\Desktop\hse-golang-2020-1\3\99_hw\coverage\client.go:94.16,95.54 1 1
C:\Users\danii\Desktop\hse-golang-2020-1\3\99_hw\coverage\client.go:98.3,98.50 1 1
C:\Users\danii\Desktop\hse-golang-2020-1\3\99_hw\coverage\client.go:95.54,97.4 1 1
C:\Users\danii\Desktop\hse-golang-2020-1\3\99_hw\coverage\client.go:104.31,105.44 1 1
C:\Users\danii\Desktop\hse-golang-2020-1\3\99_hw\coverage\client.go:106.38,107.53 1 1
C:\Users\danii\Desktop\hse-golang-2020-1\3\99_hw\coverage\client.go:108.29,111.17 3 1
C:\Users\danii\Desktop\hse-golang-2020-1\3\99_hw\coverage\client.go:114.3,114.44 1 1
C:\Users\danii\Desktop\hse-golang-2020-1\3\99_hw\coverage\client.go:117.3,117.73 1 1
C:\Users\danii\Desktop\hse-golang-2020-1\3\99_hw\coverage\client.go:111.17,113.4 1 1
C:\Users\danii\Desktop\hse-golang-2020-1\3\99_hw\coverage\client.go:114.44,116.4 1 1
C:\Users\danii\Desktop\hse-golang-2020-1\3\99_hw\coverage\client.go:122.16,124.3 1 1
C:\Users\danii\Desktop\hse-golang-2020-1\3\99_hw\coverage\client.go:127.28,130.3 2 1
C:\Users\danii\Desktop\hse-golang-2020-1\3\99_hw\coverage\client.go:130.8,132.3 1 1
C:\Users\danii\Desktop\hse-golang-2020-1\3\99_hw\coverage\server.go:19.62,21.2 1 1
C:\Users\danii\Desktop\hse-golang-2020-1\3\99_hw\coverage\server.go:23.67,26.2 2 1
C:\Users\danii\Desktop\hse-golang-2020-1\3\99_hw\coverage\server.go:28.61,30.2 1 1
C:\Users\danii\Desktop\hse-golang-2020-1\3\99_hw\coverage\server.go:32.58,35.2 2 1
C:\Users\danii\Desktop\hse-golang-2020-1\3\99_hw\coverage\server.go:37.54,42.16 4 1
C:\Users\danii\Desktop\hse-golang-2020-1\3\99_hw\coverage\server.go:46.2,47.32 2 1
C:\Users\danii\Desktop\hse-golang-2020-1\3\99_hw\coverage\server.go:56.2,64.47 8 1
C:\Users\danii\Desktop\hse-golang-2020-1\3\99_hw\coverage\server.go:68.2,68.107 1 1
C:\Users\danii\Desktop\hse-golang-2020-1\3\99_hw\coverage\server.go:77.2,77.41 1 1
C:\Users\danii\Desktop\hse-golang-2020-1\3\99_hw\coverage\server.go:86.2,87.35 2 1
C:\Users\danii\Desktop\hse-golang-2020-1\3\99_hw\coverage\server.go:93.2,93.48 1 1
C:\Users\danii\Desktop\hse-golang-2020-1\3\99_hw\coverage\server.go:117.2,118.79 2 1
C:\Users\danii\Desktop\hse-golang-2020-1\3\99_hw\coverage\server.go:121.2,122.36 2 1
C:\Users\danii\Desktop\hse-golang-2020-1\3\99_hw\coverage\server.go:42.16,45.3 2 1
C:\Users\danii\Desktop\hse-golang-2020-1\3\99_hw\coverage\server.go:47.32,55.3 1 1
C:\Users\danii\Desktop\hse-golang-2020-1\3\99_hw\coverage\server.go:64.47,67.3 2 1
C:\Users\danii\Desktop\hse-golang-2020-1\3\99_hw\coverage\server.go:68.107,76.3 5 1
C:\Users\danii\Desktop\hse-golang-2020-1\3\99_hw\coverage\server.go:77.41,85.3 5 1
C:\Users\danii\Desktop\hse-golang-2020-1\3\99_hw\coverage\server.go:87.35,88.94 1 1
C:\Users\danii\Desktop\hse-golang-2020-1\3\99_hw\coverage\server.go:88.94,90.4 1 1
C:\Users\danii\Desktop\hse-golang-2020-1\3\99_hw\coverage\server.go:93.48,94.24 1 1
C:\Users\danii\Desktop\hse-golang-2020-1\3\99_hw\coverage\server.go:94.24,96.56 1 1
C:\Users\danii\Desktop\hse-golang-2020-1\3\99_hw\coverage\server.go:96.56,98.5 1 1
C:\Users\danii\Desktop\hse-golang-2020-1\3\99_hw\coverage\server.go:98.10,98.37 1 1
C:\Users\danii\Desktop\hse-golang-2020-1\3\99_hw\coverage\server.go:98.37,100.5 1 1
C:\Users\danii\Desktop\hse-golang-2020-1\3\99_hw\coverage\server.go:100.10,102.5 1 1
C:\Users\danii\Desktop\hse-golang-2020-1\3\99_hw\coverage\server.go:103.9,103.30 1 1
C:\Users\danii\Desktop\hse-golang-2020-1\3\99_hw\coverage\server.go:103.30,105.56 1 1
C:\Users\danii\Desktop\hse-golang-2020-1\3\99_hw\coverage\server.go:105.56,107.5 1 1
C:\Users\danii\Desktop\hse-golang-2020-1\3\99_hw\coverage\server.go:107.10,107.37 1 1
C:\Users\danii\Desktop\hse-golang-2020-1\3\99_hw\coverage\server.go:107.37,109.5 1 1
C:\Users\danii\Desktop\hse-golang-2020-1\3\99_hw\coverage\server.go:109.10,111.5 1 1
C:\Users\danii\Desktop\hse-golang-2020-1\3\99_hw\coverage\server.go:112.9,114.4 1 1
C:\Users\danii\Desktop\hse-golang-2020-1\3\99_hw\coverage\server.go:118.79,120.3 1 1
C:\Users\danii\Desktop\hse-golang-2020-1\3\99_hw\coverage\server.go:140.69,143.2 2 1
C:\Users\danii\Desktop\hse-golang-2020-1\3\99_hw\coverage\server.go:145.20,147.2 1 1
